{
  "stats": {
    "suites": 3,
    "tests": 3,
    "passes": 3,
    "pending": 0,
    "failures": 0,
    "start": "2019-07-02T07:38:55.845Z",
    "end": "2019-07-02T07:38:58.812Z",
    "duration": 2967,
    "testsRegistered": 3,
    "passPercent": 100,
    "pendingPercent": 0,
    "other": 0,
    "hasOther": false,
    "skipped": 0,
    "hasSkipped": false,
    "passPercentClass": "success",
    "pendingPercentClass": "danger"
  },
  "suites": {
    "uuid": "a0d32c9c-9f6b-4c6b-baf1-8fbf17d95ab1",
    "title": "",
    "fullFile": "",
    "file": "",
    "beforeHooks": [],
    "afterHooks": [],
    "tests": [],
    "suites": [
      {
        "uuid": "db235f8c-b5aa-4b8a-b39d-0e27aaed1ae7",
        "title": "Get Product Populer",
        "fullFile": "/Users/macbookair/git/try/rllapi/mochachi/api-rl/api/test/api-list-test.js",
        "file": "/api/test/api-list-test.js",
        "beforeHooks": [],
        "afterHooks": [],
        "tests": [
          {
            "title": "@get As a User, I want to show Product Populer",
            "fullTitle": "Get Product Populer @get As a User, I want to show Product Populer",
            "timedOut": false,
            "duration": 694,
            "state": "passed",
            "speed": "slow",
            "pass": true,
            "fail": false,
            "pending": false,
            "code": "const response = await page.getProductPopuler();\nassert(response.status).to.equal(200);",
            "err": {},
            "isRoot": false,
            "uuid": "2d877091-9ce0-41ca-a02c-601908e77be2",
            "isHook": false,
            "skipped": false
          }
        ],
        "suites": [],
        "passes": [
          "2d877091-9ce0-41ca-a02c-601908e77be2"
        ],
        "failures": [],
        "pending": [],
        "skipped": [],
        "duration": 694,
        "root": false,
        "rootEmpty": false,
        "_timeout": 180000
      },
      {
        "uuid": "eefba8bb-ee4c-4598-ad96-03a727ec4029",
        "title": "Get Product Home",
        "fullFile": "/Users/macbookair/git/try/rllapi/mochachi/api-rl/api/test/api-product-list-test.js",
        "file": "/api/test/api-product-list-test.js",
        "beforeHooks": [],
        "afterHooks": [],
        "tests": [
          {
            "title": "@get As a User, I want to show Product Home",
            "fullTitle": "Get Product Home @get As a User, I want to show Product Home",
            "timedOut": false,
            "duration": 122,
            "state": "passed",
            "speed": "slow",
            "pass": true,
            "fail": false,
            "pending": false,
            "code": "const response = await page.getProductHome();\n assert(response.status).to.equal(200);",
            "err": {},
            "isRoot": false,
            "uuid": "7e41756b-f92f-4890-a9a1-666804e1d5c6",
            "isHook": false,
            "skipped": false
          }
        ],
        "suites": [],
        "passes": [
          "7e41756b-f92f-4890-a9a1-666804e1d5c6"
        ],
        "failures": [],
        "pending": [],
        "skipped": [],
        "duration": 122,
        "root": false,
        "rootEmpty": false,
        "_timeout": 180000
      },
      {
        "uuid": "acb05c6e-402c-417a-8b68-45731cd97943",
        "title": "Register Mobile Apps",
        "fullFile": "/Users/macbookair/git/try/rllapi/mochachi/api-rl/api/test/register-mobile-test.js",
        "file": "/api/test/register-mobile-test.js",
        "beforeHooks": [],
        "afterHooks": [],
        "tests": [
          {
            "title": "@post As a New User, I want to register for login",
            "fullTitle": "Register Mobile Apps @post As a New User, I want to register for login",
            "timedOut": false,
            "duration": 2139,
            "state": "passed",
            "speed": "slow",
            "pass": true,
            "fail": false,
            "pending": false,
            "code": "const response = await page.RegisterMobile(data.valid);\n assert(response.status).to.equal(200);",
            "err": {},
            "isRoot": false,
            "uuid": "45a56516-b757-4375-b6e6-c9aa88379e23",
            "isHook": false,
            "skipped": false
          }
        ],
        "suites": [],
        "passes": [
          "45a56516-b757-4375-b6e6-c9aa88379e23"
        ],
        "failures": [],
        "pending": [],
        "skipped": [],
        "duration": 2139,
        "root": false,
        "rootEmpty": false,
        "_timeout": 180000
      }
    ],
    "passes": [],
    "failures": [],
    "pending": [],
    "skipped": [],
    "duration": 0,
    "root": true,
    "rootEmpty": true,
    "_timeout": 180000
  },
  "copyrightYear": 2019
}