{
  "stats": {
    "suites": 3,
    "tests": 4,
    "passes": 3,
    "pending": 0,
    "failures": 1,
    "start": "2019-07-03T04:50:01.453Z",
    "end": "2019-07-03T04:50:05.642Z",
    "duration": 4189,
    "testsRegistered": 4,
    "passPercent": 75,
    "pendingPercent": 0,
    "other": 0,
    "hasOther": false,
    "skipped": 0,
    "hasSkipped": false,
    "passPercentClass": "warning",
    "pendingPercentClass": "danger"
  },
  "suites": {
    "uuid": "c92788fb-8970-4a82-a862-fd6f4c09d4da",
    "title": "",
    "fullFile": "",
    "file": "",
    "beforeHooks": [],
    "afterHooks": [],
    "tests": [],
    "suites": [
      {
        "uuid": "81834b3d-26d5-497c-8c51-ef615fc7bcb4",
        "title": "Get Product Populer",
        "fullFile": "/Users/MacbookPro/git/mochachai/api-rl/api/test/api-list-test.js",
        "file": "/api/test/api-list-test.js",
        "beforeHooks": [],
        "afterHooks": [],
        "tests": [
          {
            "title": "@get As a User, I want to show Product Populer",
            "fullTitle": "Get Product Populer @get As a User, I want to show Product Populer",
            "timedOut": false,
            "duration": 397,
            "state": "passed",
            "speed": "slow",
            "pass": true,
            "fail": false,
            "pending": false,
            "code": "const response = await page.getProductPopuler();\nassert(response.status).to.equal(200);",
            "err": {},
            "isRoot": false,
            "uuid": "121b65b9-698e-48c6-923e-4a0b10a472de",
            "isHook": false,
            "skipped": false
          }
        ],
        "suites": [],
        "passes": [
          "121b65b9-698e-48c6-923e-4a0b10a472de"
        ],
        "failures": [],
        "pending": [],
        "skipped": [],
        "duration": 397,
        "root": false,
        "rootEmpty": false,
        "_timeout": 180000
      },
      {
        "uuid": "f442e6ac-6f93-4006-9206-f4c0f9c94da6",
        "title": "Get Product Home",
        "fullFile": "/Users/MacbookPro/git/mochachai/api-rl/api/test/api-product-list-test.js",
        "file": "/api/test/api-product-list-test.js",
        "beforeHooks": [],
        "afterHooks": [],
        "tests": [
          {
            "title": "@get As a User, I want to show Product Home",
            "fullTitle": "Get Product Home @get As a User, I want to show Product Home",
            "timedOut": false,
            "duration": 229,
            "state": "passed",
            "speed": "slow",
            "pass": true,
            "fail": false,
            "pending": false,
            "code": "const response = await page.getProductHome();\n assert(response.status).to.equal(200);",
            "err": {},
            "isRoot": false,
            "uuid": "be223476-3221-44e7-b363-e5329dfbf35a",
            "isHook": false,
            "skipped": false
          }
        ],
        "suites": [],
        "passes": [
          "be223476-3221-44e7-b363-e5329dfbf35a"
        ],
        "failures": [],
        "pending": [],
        "skipped": [],
        "duration": 229,
        "root": false,
        "rootEmpty": false,
        "_timeout": 180000
      },
      {
        "uuid": "d2eb2031-9dbd-48db-83ba-d29394c5afdf",
        "title": "Register Mobile Apps",
        "fullFile": "/Users/MacbookPro/git/mochachai/api-rl/api/test/register-mobile-test.js",
        "file": "/api/test/register-mobile-test.js",
        "beforeHooks": [],
        "afterHooks": [],
        "tests": [
          {
            "title": "@post As a New User, I want to register for login",
            "fullTitle": "Register Mobile Apps @post As a New User, I want to register for login",
            "timedOut": false,
            "duration": 3301,
            "state": "passed",
            "speed": "slow",
            "pass": true,
            "fail": false,
            "pending": false,
            "code": "const response = await page.RegisterMobile(data.valid);\n//  assert(response.status).to.equal(200);\n assert(response.status).to.equal(400);",
            "err": {},
            "isRoot": false,
            "uuid": "da27e7b4-ae83-4cb2-a1ce-bb19b1769e91",
            "isHook": false,
            "skipped": false
          },
          {
            "title": "post User registration with empty email",
            "fullTitle": "Register Mobile Apps post User registration with empty email",
            "timedOut": false,
            "duration": 231,
            "state": "failed",
            "pass": false,
            "fail": true,
            "pending": false,
            "code": "const response = await page.RegisterMobile(data.invalid);\nassert(response.status).to.equal(200);",
            "err": {
              "message": "AssertionError: expected 400 to equal 200",
              "estack": "AssertionError: expected 400 to equal 200\n    at Context.it (api/test/register-mobile-test.js:25:31)\n    at processTicksAndRejections (internal/process/next_tick.js:81:5)",
              "diff": "- 400\n+ 200\n"
            },
            "isRoot": false,
            "uuid": "014bfe47-6ec1-415f-a6b3-371a28bf003e",
            "isHook": false,
            "skipped": false
          }
        ],
        "suites": [],
        "passes": [
          "da27e7b4-ae83-4cb2-a1ce-bb19b1769e91"
        ],
        "failures": [
          "014bfe47-6ec1-415f-a6b3-371a28bf003e"
        ],
        "pending": [],
        "skipped": [],
        "duration": 3532,
        "root": false,
        "rootEmpty": false,
        "_timeout": 180000
      }
    ],
    "passes": [],
    "failures": [],
    "pending": [],
    "skipped": [],
    "duration": 0,
    "root": true,
    "rootEmpty": true,
    "_timeout": 180000
  },
  "copyrightYear": 2019
}